INFO:     Will watch for changes in these directories: ['C:\\Github\\ACCOS\\backend']
INFO:     Uvicorn running on http://0.0.0.0:8000 (Press CTRL+C to quit)
INFO:     Started reloader process [6516] using WatchFiles
INFO:     Started server process [22192]
INFO:     Waiting for application startup.
[2026-06-11 17:57:54] INFO main: Seeding default settings...
[2026-06-11 17:57:54] INFO settings_service: Default settings seeded
[2026-06-11 17:57:54] INFO main: Starting accrual scheduler...
[2026-06-11 17:57:54] INFO main: Queue worker started
[2026-06-11 17:57:54] INFO base: Scheduler started
[2026-06-11 17:57:54] INFO scheduler_service: Reindex scheduler started
[2026-06-11 17:57:54] INFO queue_worker: Queue worker started
[2026-06-11 17:57:54] DEBUG base: Looking for jobs to run
[2026-06-11 17:57:54] DEBUG base: No jobs; waiting until a job is added
[2026-06-11 17:57:54] INFO scheduler_service: Scheduled reindex is disabled
INFO:     Application startup complete.
[2026-06-11 17:57:54] ERROR accrual_service: Auto-accrual failed: (sqlalchemy.dialects.postgresql.asyncpg.ProgrammingError) <class 'asyncpg.exceptions.UndefinedColumnError'>: ńňîëáĺö users.ad_group_dns íĺ ńóůĺńňâóĺň
[SQL: SELECT users.id, users.username, users.hashed_password, users.email, users.full_name, users.balance, users.permissions, users.default_system_prompt, users.avatar_path, users.group_id, users.auth_source, users.is_active, users.is_admin, users.admin_role, users.admin_group_id, users.ad_group_dns, users.created_at, users.updated_at, users.last_login, user_groups_1.id AS id_1, user_groups_1.name, user_groups_1.ad_group_dn, user_groups_1.permissions AS permissions_1, user_groups_1.start_balance, user_groups_1.description, user_groups_1.is_active AS is_active_1, user_groups_1.created_at AS created_at_1, user_groups_1.updated_at AS updated_at_1, user_groups_2.id AS id_2, user_groups_2.name AS name_1, user_groups_2.ad_group_dn AS ad_group_dn_1, user_groups_2.permissions AS permissions_2, user_groups_2.start_balance AS start_balance_1, user_groups_2.description AS description_1, user_groups_2.is_active AS is_active_2, user_groups_2.created_at AS created_at_2, user_groups_2.updated_at AS updated_at_2 
FROM users LEFT OUTER JOIN user_groups AS user_groups_1 ON user_groups_1.id = users.group_id LEFT OUTER JOIN user_groups AS user_groups_2 ON user_groups_2.id = users.admin_group_id 
WHERE users.is_active = true]
(Background on this error at: https://sqlalche.me/e/20/f405)
[2026-06-11 17:59:37] ERROR main: [1a8f907f] 500 POST /api/v1/auth/login: (sqlalchemy.dialects.postgresql.asyncpg.ProgrammingError) <class 'asyncpg.exceptions.UndefinedColumnError'>: ńňîëáĺö users.ad_group_dns íĺ ńóůĺńňâóĺň
[SQL: SELECT users.id, users.username, users.hashed_password, users.email, users.full_name, users.balance, users.permissions, users.default_system_prompt, users.avatar_path, users.group_id, users.auth_source, users.is_active, users.is_admin, users.admin_role, users.admin_group_id, users.ad_group_dns, users.created_at, users.updated_at, users.last_login, user_groups_1.id AS id_1, user_groups_1.name, user_groups_1.ad_group_dn, user_groups_1.permissions AS permissions_1, user_groups_1.start_balance, user_groups_1.description, user_groups_1.is_active AS is_active_1, user_groups_1.created_at AS created_at_1, user_groups_1.updated_at AS updated_at_1, user_groups_2.id AS id_2, user_groups_2.name AS name_1, user_groups_2.ad_group_dn AS ad_group_dn_1, user_groups_2.permissions AS permissions_2, user_groups_2.start_balance AS start_balance_1, user_groups_2.description AS description_1, user_groups_2.is_active AS is_active_2, user_groups_2.created_at AS created_at_2, user_groups_2.updated_at AS updated_at_2 
FROM users LEFT OUTER JOIN user_groups AS user_groups_1 ON user_groups_1.id = users.group_id LEFT OUTER JOIN user_groups AS user_groups_2 ON user_groups_2.id = users.admin_group_id 
WHERE users.username = $1::VARCHAR]
[parameters: ('testadmin_e517df2b',)]
(Background on this error at: https://sqlalche.me/e/20/f405)
Traceback (most recent call last):
  File "C:\Github\ACCOS\.venv\Lib\site-packages\sqlalchemy\dialects\postgresql\asyncpg.py", line 526, in _prepare_and_execute
    prepared_stmt, attributes = await adapt_connection._prepare(
                                ^^^^^^^^^^^^^^^^^^^^^^^^^^^^^^^^
  File "C:\Github\ACCOS\.venv\Lib\site-packages\sqlalchemy\dialects\postgresql\asyncpg.py", line 773, in _prepare
    prepared_stmt = await self._connection.prepare(
                    ^^^^^^^^^^^^^^^^^^^^^^^^^^^^^^^
  File "C:\Github\ACCOS\.venv\Lib\site-packages\asyncpg\connection.py", line 635, in prepare
    return await self._prepare(
           ^^^^^^^^^^^^^^^^^^^^
  File "C:\Github\ACCOS\.venv\Lib\site-packages\asyncpg\connection.py", line 653, in _prepare
    stmt = await self._get_statement(
           ^^^^^^^^^^^^^^^^^^^^^^^^^^
  File "C:\Github\ACCOS\.venv\Lib\site-packages\asyncpg\connection.py", line 432, in _get_statement
    statement = await self._protocol.prepare(
                ^^^^^^^^^^^^^^^^^^^^^^^^^^^^^
  File "asyncpg\\protocol\\protocol.pyx", line 165, in prepare
asyncpg.exceptions.UndefinedColumnError: ńňîëáĺö users.ad_group_dns íĺ ńóůĺńňâóĺň

The above exception was the direct cause of the following exception:

Traceback (most recent call last):
  File "C:\Github\ACCOS\.venv\Lib\site-packages\sqlalchemy\engine\base.py", line 1967, in _exec_single_context
    self.dialect.do_execute(
  File "C:\Github\ACCOS\.venv\Lib\site-packages\sqlalchemy\engine\default.py", line 952, in do_execute
    cursor.execute(statement, parameters)
  File "C:\Github\ACCOS\.venv\Lib\site-packages\sqlalchemy\dialects\postgresql\asyncpg.py", line 585, in execute
    self._adapt_connection.await_(
  File "C:\Github\ACCOS\.venv\Lib\site-packages\sqlalchemy\util\_concurrency_py3k.py", line 132, in await_only
    return current.parent.switch(awaitable)  # type: ignore[no-any-return,attr-defined] # noqa: E501
           ^^^^^^^^^^^^^^^^^^^^^^^^^^^^^^^^
  File "C:\Github\ACCOS\.venv\Lib\site-packages\sqlalchemy\util\_concurrency_py3k.py", line 196, in greenlet_spawn
    value = await result
            ^^^^^^^^^^^^
  File "C:\Github\ACCOS\.venv\Lib\site-packages\sqlalchemy\dialects\postgresql\asyncpg.py", line 563, in _prepare_and_execute
    self._handle_exception(error)
  File "C:\Github\ACCOS\.venv\Lib\site-packages\sqlalchemy\dialects\postgresql\asyncpg.py", line 513, in _handle_exception
    self._adapt_connection._handle_exception(error)
  File "C:\Github\ACCOS\.venv\Lib\site-packages\sqlalchemy\dialects\postgresql\asyncpg.py", line 797, in _handle_exception
    raise translated_error from error
sqlalchemy.dialects.postgresql.asyncpg.AsyncAdapt_asyncpg_dbapi.ProgrammingError: <class 'asyncpg.exceptions.UndefinedColumnError'>: ńňîëáĺö users.ad_group_dns íĺ ńóůĺńňâóĺň

The above exception was the direct cause of the following exception:

Traceback (most recent call last):
  File "C:\Github\ACCOS\.venv\Lib\site-packages\starlette\middleware\errors.py", line 164, in __call__
    await self.app(scope, receive, _send)
  File "C:\Github\ACCOS\.venv\Lib\site-packages\starlette\middleware\cors.py", line 88, in __call__
    await self.app(scope, receive, send)
  File "C:\Github\ACCOS\.venv\Lib\site-packages\starlette\middleware\exceptions.py", line 63, in __call__
    await wrap_app_handling_exceptions(self.app, conn)(scope, receive, send)
  File "C:\Github\ACCOS\.venv\Lib\site-packages\starlette\_exception_handler.py", line 53, in wrapped_app
    raise exc
  File "C:\Github\ACCOS\.venv\Lib\site-packages\starlette\_exception_handler.py", line 42, in wrapped_app
    await app(scope, receive, sender)
  File "C:\Github\ACCOS\.venv\Lib\site-packages\fastapi\middleware\asyncexitstack.py", line 18, in __call__
    await self.app(scope, receive, send)
  File "C:\Github\ACCOS\.venv\Lib\site-packages\starlette\routing.py", line 660, in __call__
    await self.middleware_stack(scope, receive, send)
  File "C:\Github\ACCOS\.venv\Lib\site-packages\starlette\routing.py", line 680, in app
    await route.handle(scope, receive, send)
  File "C:\Github\ACCOS\.venv\Lib\site-packages\starlette\routing.py", line 276, in handle
    await self.app(scope, receive, send)
  File "C:\Github\ACCOS\.venv\Lib\site-packages\fastapi\routing.py", line 130, in app
    await wrap_app_handling_exceptions(app, request)(scope, receive, send)
  File "C:\Github\ACCOS\.venv\Lib\site-packages\starlette\_exception_handler.py", line 53, in wrapped_app
    raise exc
  File "C:\Github\ACCOS\.venv\Lib\site-packages\starlette\_exception_handler.py", line 42, in wrapped_app
    await app(scope, receive, sender)
  File "C:\Github\ACCOS\.venv\Lib\site-packages\fastapi\routing.py", line 116, in app
    response = await f(request)
               ^^^^^^^^^^^^^^^^
  File "C:\Github\ACCOS\.venv\Lib\site-packages\fastapi\routing.py", line 670, in app
    raw_response = await run_endpoint_function(
                   ^^^^^^^^^^^^^^^^^^^^^^^^^^^^
  File "C:\Github\ACCOS\.venv\Lib\site-packages\fastapi\routing.py", line 324, in run_endpoint_function
    return await dependant.call(**values)
           ^^^^^^^^^^^^^^^^^^^^^^^^^^^^^^
  File "C:\Github\ACCOS\.venv\Lib\site-packages\slowapi\extension.py", line 734, in async_wrapper
    response = await func(*args, **kwargs)  # type: ignore
               ^^^^^^^^^^^^^^^^^^^^^^^^^^^
  File "C:\Github\ACCOS\backend\app\api\v1\endpoints\auth.py", line 16, in login
    result = await service.authenticate(login_req.username, login_req.password)
             ^^^^^^^^^^^^^^^^^^^^^^^^^^^^^^^^^^^^^^^^^^^^^^^^^^^^^^^^^^^^^^^^^^
  File "C:\Github\ACCOS\backend\app\services\auth_service.py", line 99, in authenticate
    ldap_result = await self._authenticate_ldap(username, password)
                  ^^^^^^^^^^^^^^^^^^^^^^^^^^^^^^^^^^^^^^^^^^^^^^^^^
  File "C:\Github\ACCOS\backend\app\services\auth_service.py", line 46, in _authenticate_ldap
    return await self._authenticate_local(username, password)
           ^^^^^^^^^^^^^^^^^^^^^^^^^^^^^^^^^^^^^^^^^^^^^^^^^^
  File "C:\Github\ACCOS\backend\app\services\auth_service.py", line 38, in _authenticate_local
    user = await self.user_repo.get_by_username(username)
           ^^^^^^^^^^^^^^^^^^^^^^^^^^^^^^^^^^^^^^^^^^^^^^
  File "C:\Github\ACCOS\backend\app\repositories\user_repository.py", line 15, in get_by_username
    result = await self.session.execute(
             ^^^^^^^^^^^^^^^^^^^^^^^^^^^
  File "C:\Github\ACCOS\.venv\Lib\site-packages\sqlalchemy\ext\asyncio\session.py", line 449, in execute
    result = await greenlet_spawn(
             ^^^^^^^^^^^^^^^^^^^^^
  File "C:\Github\ACCOS\.venv\Lib\site-packages\sqlalchemy\util\_concurrency_py3k.py", line 201, in greenlet_spawn
    result = context.throw(*sys.exc_info())
             ^^^^^^^^^^^^^^^^^^^^^^^^^^^^^^
  File "C:\Github\ACCOS\.venv\Lib\site-packages\sqlalchemy\orm\session.py", line 2351, in execute
    return self._execute_internal(
           ^^^^^^^^^^^^^^^^^^^^^^^
  File "C:\Github\ACCOS\.venv\Lib\site-packages\sqlalchemy\orm\session.py", line 2249, in _execute_internal
    result: Result[Any] = compile_state_cls.orm_execute_statement(
                          ^^^^^^^^^^^^^^^^^^^^^^^^^^^^^^^^^^^^^^^^
  File "C:\Github\ACCOS\.venv\Lib\site-packages\sqlalchemy\orm\context.py", line 306, in orm_execute_statement
    result = conn.execute(
             ^^^^^^^^^^^^^
  File "C:\Github\ACCOS\.venv\Lib\site-packages\sqlalchemy\engine\base.py", line 1419, in execute
    return meth(
           ^^^^^
  File "C:\Github\ACCOS\.venv\Lib\site-packages\sqlalchemy\sql\elements.py", line 527, in _execute_on_connection
    return connection._execute_clauseelement(
           ^^^^^^^^^^^^^^^^^^^^^^^^^^^^^^^^^^
  File "C:\Github\ACCOS\.venv\Lib\site-packages\sqlalchemy\engine\base.py", line 1641, in _execute_clauseelement
    ret = self._execute_context(
          ^^^^^^^^^^^^^^^^^^^^^^
  File "C:\Github\ACCOS\.venv\Lib\site-packages\sqlalchemy\engine\base.py", line 1846, in _execute_context
    return self._exec_single_context(
           ^^^^^^^^^^^^^^^^^^^^^^^^^^
  File "C:\Github\ACCOS\.venv\Lib\site-packages\sqlalchemy\engine\base.py", line 1986, in _exec_single_context
    self._handle_dbapi_exception(
  File "C:\Github\ACCOS\.venv\Lib\site-packages\sqlalchemy\engine\base.py", line 2363, in _handle_dbapi_exception
    raise sqlalchemy_exception.with_traceback(exc_info[2]) from e
  File "C:\Github\ACCOS\.venv\Lib\site-packages\sqlalchemy\engine\base.py", line 1967, in _exec_single_context
    self.dialect.do_execute(
  File "C:\Github\ACCOS\.venv\Lib\site-packages\sqlalchemy\engine\default.py", line 952, in do_execute
    cursor.execute(statement, parameters)
  File "C:\Github\ACCOS\.venv\Lib\site-packages\sqlalchemy\dialects\postgresql\asyncpg.py", line 585, in execute
    self._adapt_connection.await_(
  File "C:\Github\ACCOS\.venv\Lib\site-packages\sqlalchemy\util\_concurrency_py3k.py", line 132, in await_only
    return current.parent.switch(awaitable)  # type: ignore[no-any-return,attr-defined] # noqa: E501
           ^^^^^^^^^^^^^^^^^^^^^^^^^^^^^^^^
  File "C:\Github\ACCOS\.venv\Lib\site-packages\sqlalchemy\util\_concurrency_py3k.py", line 196, in greenlet_spawn
    value = await result
            ^^^^^^^^^^^^
  File "C:\Github\ACCOS\.venv\Lib\site-packages\sqlalchemy\dialects\postgresql\asyncpg.py", line 563, in _prepare_and_execute
    self._handle_exception(error)
  File "C:\Github\ACCOS\.venv\Lib\site-packages\sqlalchemy\dialects\postgresql\asyncpg.py", line 513, in _handle_exception
    self._adapt_connection._handle_exception(error)
  File "C:\Github\ACCOS\.venv\Lib\site-packages\sqlalchemy\dialects\postgresql\asyncpg.py", line 797, in _handle_exception
    raise translated_error from error
sqlalchemy.exc.ProgrammingError: (sqlalchemy.dialects.postgresql.asyncpg.ProgrammingError) <class 'asyncpg.exceptions.UndefinedColumnError'>: ńňîëáĺö users.ad_group_dns íĺ ńóůĺńňâóĺň
[SQL: SELECT users.id, users.username, users.hashed_password, users.email, users.full_name, users.balance, users.permissions, users.default_system_prompt, users.avatar_path, users.group_id, users.auth_source, users.is_active, users.is_admin, users.admin_role, users.admin_group_id, users.ad_group_dns, users.created_at, users.updated_at, users.last_login, user_groups_1.id AS id_1, user_groups_1.name, user_groups_1.ad_group_dn, user_groups_1.permissions AS permissions_1, user_groups_1.start_balance, user_groups_1.description, user_groups_1.is_active AS is_active_1, user_groups_1.created_at AS created_at_1, user_groups_1.updated_at AS updated_at_1, user_groups_2.id AS id_2, user_groups_2.name AS name_1, user_groups_2.ad_group_dn AS ad_group_dn_1, user_groups_2.permissions AS permissions_2, user_groups_2.start_balance AS start_balance_1, user_groups_2.description AS description_1, user_groups_2.is_active AS is_active_2, user_groups_2.created_at AS created_at_2, user_groups_2.updated_at AS updated_at_2 
FROM users LEFT OUTER JOIN user_groups AS user_groups_1 ON user_groups_1.id = users.group_id LEFT OUTER JOIN user_groups AS user_groups_2 ON user_groups_2.id = users.admin_group_id 
WHERE users.username = $1::VARCHAR]
[parameters: ('testadmin_e517df2b',)]
(Background on this error at: https://sqlalche.me/e/20/f405)

ERROR:    Exception in ASGI application
Traceback (most recent call last):
  File "C:\Github\ACCOS\.venv\Lib\site-packages\sqlalchemy\dialects\postgresql\asyncpg.py", line 526, in _prepare_and_execute
    prepared_stmt, attributes = await adapt_connection._prepare(
                                ^^^^^^^^^^^^^^^^^^^^^^^^^^^^^^^^
  File "C:\Github\ACCOS\.venv\Lib\site-packages\sqlalchemy\dialects\postgresql\asyncpg.py", line 773, in _prepare
    prepared_stmt = await self._connection.prepare(
                    ^^^^^^^^^^^^^^^^^^^^^^^^^^^^^^^
  File "C:\Github\ACCOS\.venv\Lib\site-packages\asyncpg\connection.py", line 635, in prepare
    return await self._prepare(
           ^^^^^^^^^^^^^^^^^^^^
  File "C:\Github\ACCOS\.venv\Lib\site-packages\asyncpg\connection.py", line 653, in _prepare
    stmt = await self._get_statement(
           ^^^^^^^^^^^^^^^^^^^^^^^^^^
  File "C:\Github\ACCOS\.venv\Lib\site-packages\asyncpg\connection.py", line 432, in _get_statement
    statement = await self._protocol.prepare(
                ^^^^^^^^^^^^^^^^^^^^^^^^^^^^^
  File "asyncpg\\protocol\\protocol.pyx", line 165, in prepare
asyncpg.exceptions.UndefinedColumnError: ńňîëáĺö users.ad_group_dns íĺ ńóůĺńňâóĺň

The above exception was the direct cause of the following exception:

Traceback (most recent call last):
  File "C:\Github\ACCOS\.venv\Lib\site-packages\sqlalchemy\engine\base.py", line 1967, in _exec_single_context
    self.dialect.do_execute(
  File "C:\Github\ACCOS\.venv\Lib\site-packages\sqlalchemy\engine\default.py", line 952, in do_execute
    cursor.execute(statement, parameters)
  File "C:\Github\ACCOS\.venv\Lib\site-packages\sqlalchemy\dialects\postgresql\asyncpg.py", line 585, in execute
    self._adapt_connection.await_(
  File "C:\Github\ACCOS\.venv\Lib\site-packages\sqlalchemy\util\_concurrency_py3k.py", line 132, in await_only
    return current.parent.switch(awaitable)  # type: ignore[no-any-return,attr-defined] # noqa: E501
           ^^^^^^^^^^^^^^^^^^^^^^^^^^^^^^^^
  File "C:\Github\ACCOS\.venv\Lib\site-packages\sqlalchemy\util\_concurrency_py3k.py", line 196, in greenlet_spawn
    value = await result
            ^^^^^^^^^^^^
  File "C:\Github\ACCOS\.venv\Lib\site-packages\sqlalchemy\dialects\postgresql\asyncpg.py", line 563, in _prepare_and_execute
    self._handle_exception(error)
  File "C:\Github\ACCOS\.venv\Lib\site-packages\sqlalchemy\dialects\postgresql\asyncpg.py", line 513, in _handle_exception
    self._adapt_connection._handle_exception(error)
  File "C:\Github\ACCOS\.venv\Lib\site-packages\sqlalchemy\dialects\postgresql\asyncpg.py", line 797, in _handle_exception
    raise translated_error from error
sqlalchemy.dialects.postgresql.asyncpg.AsyncAdapt_asyncpg_dbapi.ProgrammingError: <class 'asyncpg.exceptions.UndefinedColumnError'>: ńňîëáĺö users.ad_group_dns íĺ ńóůĺńňâóĺň

The above exception was the direct cause of the following exception:

Traceback (most recent call last):
  File "C:\Github\ACCOS\.venv\Lib\site-packages\uvicorn\protocols\http\httptools_impl.py", line 416, in run_asgi
    result = await app(  # type: ignore[func-returns-value]
             ^^^^^^^^^^^^^^^^^^^^^^^^^^^^^^^^^^^^^^^^^^^^^^
  File "C:\Github\ACCOS\.venv\Lib\site-packages\uvicorn\middleware\proxy_headers.py", line 60, in __call__
    return await self.app(scope, receive, send)
           ^^^^^^^^^^^^^^^^^^^^^^^^^^^^^^^^^^^^
  File "C:\Github\ACCOS\.venv\Lib\site-packages\fastapi\applications.py", line 1160, in __call__
    await super().__call__(scope, receive, send)
  File "C:\Github\ACCOS\.venv\Lib\site-packages\starlette\applications.py", line 90, in __call__
    await self.middleware_stack(scope, receive, send)
  File "C:\Github\ACCOS\.venv\Lib\site-packages\starlette\middleware\errors.py", line 186, in __call__
    raise exc
  File "C:\Github\ACCOS\.venv\Lib\site-packages\starlette\middleware\errors.py", line 164, in __call__
    await self.app(scope, receive, _send)
  File "C:\Github\ACCOS\.venv\Lib\site-packages\starlette\middleware\cors.py", line 88, in __call__
    await self.app(scope, receive, send)
  File "C:\Github\ACCOS\.venv\Lib\site-packages\starlette\middleware\exceptions.py", line 63, in __call__
    await wrap_app_handling_exceptions(self.app, conn)(scope, receive, send)
  File "C:\Github\ACCOS\.venv\Lib\site-packages\starlette\_exception_handler.py", line 53, in wrapped_app
    raise exc
  File "C:\Github\ACCOS\.venv\Lib\site-packages\starlette\_exception_handler.py", line 42, in wrapped_app
    await app(scope, receive, sender)
  File "C:\Github\ACCOS\.venv\Lib\site-packages\fastapi\middleware\asyncexitstack.py", line 18, in __call__
    await self.app(scope, receive, send)
  File "C:\Github\ACCOS\.venv\Lib\site-packages\starlette\routing.py", line 660, in __call__
    await self.middleware_stack(scope, receive, send)
  File "C:\Github\ACCOS\.venv\Lib\site-packages\starlette\routing.py", line 680, in app
    await route.handle(scope, receive, send)
  File "C:\Github\ACCOS\.venv\Lib\site-packages\starlette\routing.py", line 276, in handle
    await self.app(scope, receive, send)
  File "C:\Github\ACCOS\.venv\Lib\site-packages\fastapi\routing.py", line 130, in app
    await wrap_app_handling_exceptions(app, request)(scope, receive, send)
  File "C:\Github\ACCOS\.venv\Lib\site-packages\starlette\_exception_handler.py", line 53, in wrapped_app
    raise exc
  File "C:\Github\ACCOS\.venv\Lib\site-packages\starlette\_exception_handler.py", line 42, in wrapped_app
    await app(scope, receive, sender)
  File "C:\Github\ACCOS\.venv\Lib\site-packages\fastapi\routing.py", line 116, in app
    response = await f(request)
               ^^^^^^^^^^^^^^^^
  File "C:\Github\ACCOS\.venv\Lib\site-packages\fastapi\routing.py", line 670, in app
    raw_response = await run_endpoint_function(
                   ^^^^^^^^^^^^^^^^^^^^^^^^^^^^
  File "C:\Github\ACCOS\.venv\Lib\site-packages\fastapi\routing.py", line 324, in run_endpoint_function
    return await dependant.call(**values)
           ^^^^^^^^^^^^^^^^^^^^^^^^^^^^^^
  File "C:\Github\ACCOS\.venv\Lib\site-packages\slowapi\extension.py", line 734, in async_wrapper
    response = await func(*args, **kwargs)  # type: ignore
               ^^^^^^^^^^^^^^^^^^^^^^^^^^^
  File "C:\Github\ACCOS\backend\app\api\v1\endpoints\auth.py", line 16, in login
    result = await service.authenticate(login_req.username, login_req.password)
             ^^^^^^^^^^^^^^^^^^^^^^^^^^^^^^^^^^^^^^^^^^^^^^^^^^^^^^^^^^^^^^^^^^
  File "C:\Github\ACCOS\backend\app\services\auth_service.py", line 99, in authenticate
    ldap_result = await self._authenticate_ldap(username, password)
                  ^^^^^^^^^^^^^^^^^^^^^^^^^^^^^^^^^^^^^^^^^^^^^^^^^
  File "C:\Github\ACCOS\backend\app\services\auth_service.py", line 46, in _authenticate_ldap
    return await self._authenticate_local(username, password)
           ^^^^^^^^^^^^^^^^^^^^^^^^^^^^^^^^^^^^^^^^^^^^^^^^^^
  File "C:\Github\ACCOS\backend\app\services\auth_service.py", line 38, in _authenticate_local
    user = await self.user_repo.get_by_username(username)
           ^^^^^^^^^^^^^^^^^^^^^^^^^^^^^^^^^^^^^^^^^^^^^^
  File "C:\Github\ACCOS\backend\app\repositories\user_repository.py", line 15, in get_by_username
    result = await self.session.execute(
             ^^^^^^^^^^^^^^^^^^^^^^^^^^^
  File "C:\Github\ACCOS\.venv\Lib\site-packages\sqlalchemy\ext\asyncio\session.py", line 449, in execute
    result = await greenlet_spawn(
             ^^^^^^^^^^^^^^^^^^^^^
  File "C:\Github\ACCOS\.venv\Lib\site-packages\sqlalchemy\util\_concurrency_py3k.py", line 201, in greenlet_spawn
    result = context.throw(*sys.exc_info())
             ^^^^^^^^^^^^^^^^^^^^^^^^^^^^^^
  File "C:\Github\ACCOS\.venv\Lib\site-packages\sqlalchemy\orm\session.py", line 2351, in execute
    return self._execute_internal(
           ^^^^^^^^^^^^^^^^^^^^^^^
  File "C:\Github\ACCOS\.venv\Lib\site-packages\sqlalchemy\orm\session.py", line 2249, in _execute_internal
    result: Result[Any] = compile_state_cls.orm_execute_statement(
                          ^^^^^^^^^^^^^^^^^^^^^^^^^^^^^^^^^^^^^^^^
  File "C:\Github\ACCOS\.venv\Lib\site-packages\sqlalchemy\orm\context.py", line 306, in orm_execute_statement
    result = conn.execute(
             ^^^^^^^^^^^^^
  File "C:\Github\ACCOS\.venv\Lib\site-packages\sqlalchemy\engine\base.py", line 1419, in execute
    return meth(
           ^^^^^
  File "C:\Github\ACCOS\.venv\Lib\site-packages\sqlalchemy\sql\elements.py", line 527, in _execute_on_connection
    return connection._execute_clauseelement(
           ^^^^^^^^^^^^^^^^^^^^^^^^^^^^^^^^^^
  File "C:\Github\ACCOS\.venv\Lib\site-packages\sqlalchemy\engine\base.py", line 1641, in _execute_clauseelement
    ret = self._execute_context(
          ^^^^^^^^^^^^^^^^^^^^^^
  File "C:\Github\ACCOS\.venv\Lib\site-packages\sqlalchemy\engine\base.py", line 1846, in _execute_context
    return self._exec_single_context(
           ^^^^^^^^^^^^^^^^^^^^^^^^^^
  File "C:\Github\ACCOS\.venv\Lib\site-packages\sqlalchemy\engine\base.py", line 1986, in _exec_single_context
    self._handle_dbapi_exception(
  File "C:\Github\ACCOS\.venv\Lib\site-packages\sqlalchemy\engine\base.py", line 2363, in _handle_dbapi_exception
    raise sqlalchemy_exception.with_traceback(exc_info[2]) from e
  File "C:\Github\ACCOS\.venv\Lib\site-packages\sqlalchemy\engine\base.py", line 1967, in _exec_single_context
    self.dialect.do_execute(
  File "C:\Github\ACCOS\.venv\Lib\site-packages\sqlalchemy\engine\default.py", line 952, in do_execute
    cursor.execute(statement, parameters)
  File "C:\Github\ACCOS\.venv\Lib\site-packages\sqlalchemy\dialects\postgresql\asyncpg.py", line 585, in execute
    self._adapt_connection.await_(
  File "C:\Github\ACCOS\.venv\Lib\site-packages\sqlalchemy\util\_concurrency_py3k.py", line 132, in await_only
    return current.parent.switch(awaitable)  # type: ignore[no-any-return,attr-defined] # noqa: E501
           ^^^^^^^^^^^^^^^^^^^^^^^^^^^^^^^^
  File "C:\Github\ACCOS\.venv\Lib\site-packages\sqlalchemy\util\_concurrency_py3k.py", line 196, in greenlet_spawn
    value = await result
            ^^^^^^^^^^^^
  File "C:\Github\ACCOS\.venv\Lib\site-packages\sqlalchemy\dialects\postgresql\asyncpg.py", line 563, in _prepare_and_execute
    self._handle_exception(error)
  File "C:\Github\ACCOS\.venv\Lib\site-packages\sqlalchemy\dialects\postgresql\asyncpg.py", line 513, in _handle_exception
    self._adapt_connection._handle_exception(error)
  File "C:\Github\ACCOS\.venv\Lib\site-packages\sqlalchemy\dialects\postgresql\asyncpg.py", line 797, in _handle_exception
    raise translated_error from error
sqlalchemy.exc.ProgrammingError: (sqlalchemy.dialects.postgresql.asyncpg.ProgrammingError) <class 'asyncpg.exceptions.UndefinedColumnError'>: ńňîëáĺö users.ad_group_dns íĺ ńóůĺńňâóĺň
[SQL: SELECT users.id, users.username, users.hashed_password, users.email, users.full_name, users.balance, users.permissions, users.default_system_prompt, users.avatar_path, users.group_id, users.auth_source, users.is_active, users.is_admin, users.admin_role, users.admin_group_id, users.ad_group_dns, users.created_at, users.updated_at, users.last_login, user_groups_1.id AS id_1, user_groups_1.name, user_groups_1.ad_group_dn, user_groups_1.permissions AS permissions_1, user_groups_1.start_balance, user_groups_1.description, user_groups_1.is_active AS is_active_1, user_groups_1.created_at AS created_at_1, user_groups_1.updated_at AS updated_at_1, user_groups_2.id AS id_2, user_groups_2.name AS name_1, user_groups_2.ad_group_dn AS ad_group_dn_1, user_groups_2.permissions AS permissions_2, user_groups_2.start_balance AS start_balance_1, user_groups_2.description AS description_1, user_groups_2.is_active AS is_active_2, user_groups_2.created_at AS created_at_2, user_groups_2.updated_at AS updated_at_2 
FROM users LEFT OUTER JOIN user_groups AS user_groups_1 ON user_groups_1.id = users.group_id LEFT OUTER JOIN user_groups AS user_groups_2 ON user_groups_2.id = users.admin_group_id 
WHERE users.username = $1::VARCHAR]
[parameters: ('testadmin_e517df2b',)]
(Background on this error at: https://sqlalche.me/e/20/f405)
WARNING:  WatchFiles detected changes in 'app\api\v1\endpoints\admin.py'. Reloading...
